<?xml version="1.0" encoding="UTF-8"?>
<!-- Generated by org.testng.reporters.JUnitReportReporter -->
<testsuite hostname="LAPTOP-O8200AJ0" failures="0" tests="1" name="tests.EditTest" time="3.927" errors="0" timestamp="2022-06-18T10:37:37 ICT" skipped="0">
  <testcase classname="tests.EditTest" name="TestCase01" time="3.927"/>
  <system-out/>
</testsuite> <!-- tests.EditTest -->
