<?xml version="1.0" encoding="UTF-8"?>
<!-- Generated by org.testng.reporters.JUnitReportReporter -->
<testsuite hostname="LAPTOP-O8200AJ0" failures="0" tests="1" name="tests.LoginTest" time="4.172" errors="0" timestamp="2022-06-17T09:48:18 ICT" skipped="0">
  <testcase classname="tests.LoginTest" name="Test01" time="4.172"/>
  <system-out/>
</testsuite> <!-- tests.LoginTest -->
