<?xml version="1.0" encoding="UTF-8"?>
<!-- Generated by org.testng.reporters.JUnitReportReporter -->
<testsuite hostname="LAPTOP-O8200AJ0" failures="0" tests="1" name="tests.SignUpTest" time="3.956" errors="0" timestamp="2022-06-18T09:56:13 ICT" skipped="0">
  <testcase classname="tests.SignUpTest" name="Test07" time="3.956"/>
  <system-out/>
</testsuite> <!-- tests.SignUpTest -->
