<?xml version="1.0" encoding="UTF-8"?>
<!-- Generated by org.testng.reporters.JUnitReportReporter -->
<testsuite hostname="LAPTOP-O8200AJ0" failures="0" tests="1" name="tests.Examples" time="2.326" errors="0" timestamp="2022-06-14T15:59:48 ICT" skipped="0">
  <testcase classname="tests.Examples" name="test_01" time="2.326"/>
  <system-out/>
</testsuite> <!-- tests.Examples -->
