<?xml version="1.0" encoding="UTF-8"?>
<!-- Generated by org.testng.reporters.JUnitReportReporter -->
<testsuite hostname="LAPTOP-O8200AJ0" failures="0" tests="1" name="tests.SignUpTest" time="4.051" errors="0" timestamp="2022-06-17T15:29:01 ICT" skipped="0">
  <testcase classname="tests.SignUpTest" name="Test01" time="4.051"/>
  <system-out/>
</testsuite> <!-- tests.SignUpTest -->
